<?xml version="1.0" encoding="UTF-8"?>
<!-- Generated by org.testng.reporters.JUnitReportReporter -->
<testsuite hostname="WKWIN9128228" name="testng.Script1" tests="1" failures="0" timestamp="14 Jun 2018 16:09:17 GMT" time="61.926" errors="0">
  <testcase name="test" time="61.926" classname="testng.Script1"/>
</testsuite> <!-- testng.Script1 -->
